[debug] [2021-10-23T21:25:59.164Z] ----------------------------------------------------------------------
[debug] [2021-10-23T21:25:59.170Z] Command:       C:\Program Files\nodejs\node.exe C:\Users\Rafsana Samanta\AppData\Roaming\npm\node_modules\firebase-tools\lib\bin\firebase.js init
[debug] [2021-10-23T21:25:59.171Z] CLI Version:   9.21.0
[debug] [2021-10-23T21:25:59.172Z] Platform:      win32
[debug] [2021-10-23T21:25:59.172Z] Node Version:  v14.17.1
[debug] [2021-10-23T21:25:59.174Z] Time:          Sun Oct 24 2021 03:25:59 GMT+0600 (Bangladesh Standard Time)
[debug] [2021-10-23T21:25:59.175Z] ----------------------------------------------------------------------
[debug] 
[debug] [2021-10-23T21:25:59.195Z] > command requires scopes: ["email","openid","https://www.googleapis.com/auth/cloudplatformprojects.readonly","https://www.googleapis.com/auth/firebase","https://www.googleapis.com/auth/cloud-platform"]
[debug] [2021-10-23T21:25:59.196Z] > authorizing via signed-in user (afsanakabirsinthia@gmail.com)
[info] 
     ######## #### ########  ######## ########     ###     ######  ########
     ##        ##  ##     ## ##       ##     ##  ##   ##  ##       ##
     ######    ##  ########  ######   ########  #########  ######  ######
     ##        ##  ##    ##  ##       ##     ## ##     ##       ## ##
     ##       #### ##     ## ######## ########  ##     ##  ######  ########

You're about to initialize a Firebase project in this directory:

  C:\Project\assignment10

Before we get started, keep in mind:

  * You are currently outside your home directory

[info] 
=== Project Setup
[info] 
[info] First, let's associate this project directory with a Firebase project.
[info] You can create multiple project aliases by running firebase use --add, 
[info] but for now we'll just set up a default project.
[info] 
[debug] [2021-10-23T21:27:27.742Z] >>> [apiv2][query] GET https://firebase.googleapis.com/v1beta1/projects pageSize=100
[debug] [2021-10-23T21:27:28.772Z] <<< [apiv2][status] GET https://firebase.googleapis.com/v1beta1/projects 200
[debug] [2021-10-23T21:27:28.773Z] <<< [apiv2][body] GET https://firebase.googleapis.com/v1beta1/projects [omitted]
[info] i  Using project teeth-care-website (Teeth-care-website) 
[info] 
=== Hosting Setup
[info] 
[info] Your public directory is the folder (relative to your project directory) that
[info] will contain Hosting assets to be uploaded with firebase deploy. If you
[info] have a build process for your assets, use your build's output directory.
[info] 
